mobile/app/build/intermediates/manifest_merge_blame_file/debug/manifest-merger-blame-debug-report.txt
1<?xml version="1.0" encoding="utf-8"?>
2<manifest xmlns:android="http://schemas.android.com/apk/res/android"
3    package="edu.uci.ics.fabflixmobile"
4    android:versionCode="1"
5    android:versionName="1.0" >
6
7    <uses-sdk
8        android:minSdkVersion="14"
8-->src\main\AndroidManifest.xml
9        android:targetSdkVersion="28" />
9-->src\main\AndroidManifest.xml
10    <!-- This line is needed to enable HTTP connection -->
11    <uses-permission android:name="android.permission.INTERNET" />
11-->src\main\AndroidManifest.xml:5:5-66
11-->src\main\AndroidManifest.xml:5:22-64
12
13    <application
13-->src\main\AndroidManifest.xml:6:5-26:19
14        android:debuggable="true"
15        android:icon="@mipmap/ic_launcher"
15-->src\main\AndroidManifest.xml:7:13-47
16        android:label="@string/app_name"
16-->src\main\AndroidManifest.xml:8:13-45
17        android:supportsRtl="true"
17-->src\main\AndroidManifest.xml:9:13-39
18        android:theme="@style/AppTheme"
18-->src\main\AndroidManifest.xml:11:13-44
19        android:usesCleartextTraffic="true" >
19-->src\main\AndroidManifest.xml:10:13-48
20
21        <!-- Need to define every activity in the AndroidManifest otherwise won't be visible -->
22        <activity
22-->src\main\AndroidManifest.xml:13:9-21:20
23            android:name="edu.uci.ics.fabflixmobile.Login"
23-->src\main\AndroidManifest.xml:14:17-38
24            android:label="@string/app_name" >
24-->src\main\AndroidManifest.xml:15:17-49
25            <intent-filter>
25-->src\main\AndroidManifest.xml:16:13-20:29
26
27                <!-- This line sets which activity to be the home page -->
28                <action android:name="android.intent.action.MAIN" />
28-->src\main\AndroidManifest.xml:18:17-68
28-->src\main\AndroidManifest.xml:18:25-66
29
30                <category android:name="android.intent.category.LAUNCHER" />
30-->src\main\AndroidManifest.xml:19:17-76
30-->src\main\AndroidManifest.xml:19:27-74
31            </intent-filter>
32        </activity>
33        <activity android:name="edu.uci.ics.fabflixmobile.ListViewActivity" />
33-->src\main\AndroidManifest.xml:22:9-63
33-->src\main\AndroidManifest.xml:22:19-51
34        <activity android:name="edu.uci.ics.fabflixmobile.SingleMovieViewActivity" />
34-->src\main\AndroidManifest.xml:23:9-70
34-->src\main\AndroidManifest.xml:23:19-58
35        <!-- By default Android supports only HTTPS connection. To enable HTTP, the below line is needed -->
36        <uses-library
36-->src\main\AndroidManifest.xml:25:9-87
37            android:name="org.apache.http.legacy"
37-->src\main\AndroidManifest.xml:25:23-60
38            android:required="false" />
38-->src\main\AndroidManifest.xml:25:61-85
39
40        <activity
40-->[com.google.android.gms:play-services-base:15.0.1] AndroidManifest.xml:23:9-26:75
41            android:name="com.google.android.gms.common.api.GoogleApiActivity"
41-->[com.google.android.gms:play-services-base:15.0.1] AndroidManifest.xml:24:13-79
42            android:exported="false"
42-->[com.google.android.gms:play-services-base:15.0.1] AndroidManifest.xml:25:13-37
43            android:theme="@android:style/Theme.Translucent.NoTitleBar" />
43-->[com.google.android.gms:play-services-base:15.0.1] AndroidManifest.xml:26:13-72
44
45        <meta-data
45-->[com.google.android.gms:play-services-basement:15.0.1] AndroidManifest.xml:23:9-25:69
46            android:name="com.google.android.gms.version"
46-->[com.google.android.gms:play-services-basement:15.0.1] AndroidManifest.xml:24:13-58
47            android:value="@integer/google_play_services_version" />
47-->[com.google.android.gms:play-services-basement:15.0.1] AndroidManifest.xml:25:13-66
48        <meta-data
48-->[com.android.support:support-v4:26.1.0] AndroidManifest.xml:26:9-28:38
49            android:name="android.support.VERSION"
49-->[com.android.support:support-v4:26.1.0] AndroidManifest.xml:27:13-51
50            android:value="26.1.0" />
50-->[com.android.support:support-v4:26.1.0] AndroidManifest.xml:28:13-35
51        <meta-data
51-->[android.arch.lifecycle:runtime:1.0.0] AndroidManifest.xml:25:9-27:47
52            android:name="android.arch.lifecycle.VERSION"
52-->[android.arch.lifecycle:runtime:1.0.0] AndroidManifest.xml:26:13-58
53            android:value="27.0.0-SNAPSHOT" />
53-->[android.arch.lifecycle:runtime:1.0.0] AndroidManifest.xml:27:13-44
54    </application>
55
56</manifest>